<?xml version="1.0" encoding="UTF-8"?>
<!-- Generated by org.testng.reporters.JUnitReportReporter -->
<testsuite hostname="Lenovo_Yoga" failures="0" tests="7" name="tests.android.EcommerceTest" time="20.756" errors="0" timestamp="2025-03-22T19:25:00 IST" skipped="4">
  <testcase classname="tests.android.EcommerceTest" name="fillForm" time="10.534"/>
  <testcase classname="tests.android.EcommerceTest" name="addToCart" time="8.793"/>
  <testcase classname="tests.android.EcommerceTest" name="verifyCart" time="1.429"/>
  <testcase classname="tests.android.EcommerceTest" name="verifyErrorMessage">
    <skipped/>
  </testcase> <!-- verifyErrorMessage -->
  <testcase classname="tests.android.EcommerceTest" name="termsAndConditions">
    <skipped/>
  </testcase> <!-- termsAndConditions -->
  <testcase classname="tests.android.EcommerceTest" name="verifyCartTotal">
    <skipped/>
  </testcase> <!-- verifyCartTotal -->
  <testcase classname="tests.android.EcommerceTest" name="webViewOperations">
    <skipped/>
  </testcase> <!-- webViewOperations -->
</testsuite> <!-- tests.android.EcommerceTest -->
