<?xml version="1.0" encoding="UTF-8"?>
<!-- Generated by org.testng.reporters.JUnitReportReporter -->
<testsuite hostname="Lenovo_Yoga" failures="0" tests="7" name="tests.android.EcommerceTest" time="21.476" errors="0" timestamp="2025-03-22T20:13:16 IST" skipped="4">
  <testcase classname="tests.android.EcommerceTest" name="fillForm" time="11.082"/>
  <testcase classname="tests.android.EcommerceTest" name="addToCart" time="8.994"/>
  <testcase classname="tests.android.EcommerceTest" name="verifyCart" time="1.400"/>
  <testcase classname="tests.android.EcommerceTest" name="verifyErrorMessage">
    <skipped/>
  </testcase> <!-- verifyErrorMessage -->
  <testcase classname="tests.android.EcommerceTest" name="termsAndConditions">
    <skipped/>
  </testcase> <!-- termsAndConditions -->
  <testcase classname="tests.android.EcommerceTest" name="verifyCartTotal">
    <skipped/>
  </testcase> <!-- verifyCartTotal -->
  <testcase classname="tests.android.EcommerceTest" name="webViewOperations">
    <skipped/>
  </testcase> <!-- webViewOperations -->
</testsuite> <!-- tests.android.EcommerceTest -->
